<component name="libraryTable">
  <library name="JUnit5.9.0">
    <CLASSES>
      <root url="jar://$PROJECT_DIR$/lib/junit-jupiter-5.9.0.jar!/" />
      <root url="jar://$PROJECT_DIR$/lib/junit-jupiter-params-5.9.0.jar!/" />
      <root url="jar://$PROJECT_DIR$/lib/junit-jupiter-engine-5.9.0.jar!/" />
      <root url="jar://$PROJECT_DIR$/lib/junit-jupiter-api-5.9.0.jar!/" />
      <root url="jar://$PROJECT_DIR$/lib/junit-platform-engine-1.9.0.jar!/" />
      <root url="jar://$PROJECT_DIR$/lib/junit-platform-commons-1.9.0.jar!/" />
      <root url="jar://$PROJECT_DIR$/lib/opentest4j-1.2.0.jar!/" />
    </CLASSES>
    <JAVADOC />
    <SOURCES />
  </library>
</component>